20:12:08 **** Build of configuration Debug for project Ensc351Part1 ****
make all 
Building file: ../src/Ensc351Part1.cpp
Invoking: GCC C++ Compiler
g++ -std=c++1y -O0 -g3 -Wall -c -fmessage-length=0 -MMD -MP -MF"src/Ensc351Part1.d" -MT"src/Ensc351Part1.o" -o "src/Ensc351Part1.o" "../src/Ensc351Part1.cpp"
Finished building: ../src/Ensc351Part1.cpp
 
Building file: ../src/PeerX.cpp
Invoking: GCC C++ Compiler
g++ -std=c++1y -O0 -g3 -Wall -c -fmessage-length=0 -MMD -MP -MF"src/PeerX.d" -MT"src/PeerX.o" -o "src/PeerX.o" "../src/PeerX.cpp"
Finished building: ../src/PeerX.cpp
 
Building file: ../src/SenderX.cpp
Invoking: GCC C++ Compiler
g++ -std=c++1y -O0 -g3 -Wall -c -fmessage-length=0 -MMD -MP -MF"src/SenderX.d" -MT"src/SenderX.o" -o "src/SenderX.o" "../src/SenderX.cpp"
Finished building: ../src/SenderX.cpp
 
Building file: ../src/myIO.cpp
Invoking: GCC C++ Compiler
g++ -std=c++1y -O0 -g3 -Wall -c -fmessage-length=0 -MMD -MP -MF"src/myIO.d" -MT"src/myIO.o" -o "src/myIO.o" "../src/myIO.cpp"
Finished building: ../src/myIO.cpp
 
Building target: Ensc351Part1
Invoking: GCC C++ Linker
g++  -o "Ensc351Part1"  ./src/Ensc351Part1.o ./src/PeerX.o ./src/SenderX.o ./src/myIO.o   
Finished building target: Ensc351Part1
 
20:12:21 **** Incremental Build of configuration Debug for project Ensc351Part1 ****
make all 
make: Nothing to be done for 'all'.
